Start testing: Nov 19 14:32 +0530
----------------------------------------------------------
1/1 Testing: BookTest.SettersAndGetters
1/1 Test: BookTest.SettersAndGetters
Command: "/Users/minrutha/Documents/CODING2025/LibraryManagementSystem/build/runTests" "--gtest_filter=BookTest.SettersAndGetters" "--gtest_also_run_disabled_tests"
Directory: /Users/minrutha/Documents/CODING2025/LibraryManagementSystem/build
"BookTest.SettersAndGetters" start time: Nov 19 14:32 +0530
Output:
----------------------------------------------------------
Running main() from /Users/minrutha/Documents/CODING2025/LibraryManagementSystem/build/_deps/googletest-src/googletest/src/gtest_main.cc
Note: Google Test filter = BookTest.SettersAndGetters
[==========] Running 1 test from 1 test suite.
[----------] Global test environment set-up.
[----------] 1 test from BookTest
[ RUN      ] BookTest.SettersAndGetters
[       OK ] BookTest.SettersAndGetters (0 ms)
[----------] 1 test from BookTest (0 ms total)

[----------] Global test environment tear-down
[==========] 1 test from 1 test suite ran. (0 ms total)
[  PASSED  ] 1 test.
<end of output>
Test time =   0.01 sec
----------------------------------------------------------
Test Passed.
"BookTest.SettersAndGetters" end time: Nov 19 14:32 +0530
"BookTest.SettersAndGetters" time elapsed: 00:00:00
----------------------------------------------------------

End testing: Nov 19 14:32 +0530
